<?xml version="1.0" encoding="UTF-8"?>
<!-- Generated by org.testng.reporters.JUnitReportReporter -->
<testsuite skipped="0" hostname="LAPTOP-6D3MSQ65" name="p10_04_2021.AppointmentTest" tests="1" failures="0" timestamp="2021-10-04T20:47:03 CEST" time="22.583" errors="0">
  <testcase name="AppointmentTest" time="22.583" classname="p10_04_2021.AppointmentTest"/>
  <system-out/>
</testsuite> <!-- p10_04_2021.AppointmentTest -->
