<?xml version="1.0" encoding="UTF-8"?>
<!-- Generated by org.testng.reporters.JUnitReportReporter -->
<testsuite skipped="0" hostname="LAPTOP-6D3MSQ65" name="p30_09_2021.Zadatak2" tests="1" failures="0" timestamp="2021-10-01T08:44:15 CEST" time="8.447" errors="0">
  <testcase name="verification" time="8.447" classname="p30_09_2021.Zadatak2"/>
  <system-out/>
</testsuite> <!-- p30_09_2021.Zadatak2 -->
