<?xml version="1.0" encoding="UTF-8"?>
<!-- Generated by org.testng.reporters.JUnitReportReporter -->
<testsuite skipped="0" hostname="LAPTOP-6D3MSQ65" name="p30_09_2021.Zadatak1" tests="1" failures="0" timestamp="2021-09-30T20:30:15 CEST" time="17.702" errors="0">
  <testcase name="verification" time="17.702" classname="p30_09_2021.Zadatak1"/>
  <system-out/>
</testsuite> <!-- p30_09_2021.Zadatak1 -->
