<?xml version="1.0" encoding="UTF-8"?>
<!-- Generated by org.testng.reporters.JUnitReportReporter -->
<testsuite skipped="0" hostname="LAPTOP-6D3MSQ65" name="tests.GalleryAppTest" tests="4" failures="0" timestamp="2021-12-06T12:36:02 CET" time="73.513" errors="0">
  <testcase name="FindGalleryTest" time="15.959" classname="tests.GalleryAppTest"/>
  <system-out/>
  <testcase name="Logut" time="14.852" classname="tests.GalleryAppTest"/>
  <system-out/>
  <testcase name="LoginTest" time="13.620" classname="tests.GalleryAppTest"/>
  <system-out/>
  <testcase name="CreateGalery" time="29.082" classname="tests.GalleryAppTest"/>
  <system-out/>
</testsuite> <!-- tests.GalleryAppTest -->
