<?xml version="1.0" encoding="UTF-8"?>
<!-- Generated by org.testng.reporters.JUnitReportReporter -->
<testsuite skipped="0" hostname="LAPTOP-6D3MSQ65" name="apache_poi_05_10.apache_poi_test_demo" tests="1" failures="0" timestamp="2021-10-05T19:19:43 CEST" time="2.107" errors="0">
  <testcase name="testing" time="2.107" classname="apache_poi_05_10.apache_poi_test_demo"/>
  <system-out/>
</testsuite> <!-- apache_poi_05_10.apache_poi_test_demo -->
