<?xml version="1.0" encoding="UTF-8"?>
<!-- Generated by org.testng.reporters.JUnitReportReporter -->
<testsuite skipped="0" hostname="LAPTOP-6D3MSQ65" name="Rezultati_uzivo.MainPage" tests="1" failures="0" timestamp="2021-11-03T14:50:36 CET" time="17.601" errors="0">
  <testcase name="TestMain" time="17.601" classname="Rezultati_uzivo.MainPage"/>
  <system-out/>
</testsuite> <!-- Rezultati_uzivo.MainPage -->
