<?xml version="1.0" encoding="UTF-8"?>
<!-- Generated by org.testng.reporters.JUnitReportReporter -->
<testsuite skipped="0" hostname="LAPTOP-6D3MSQ65" name="p28_09_2021.Zadatak1_domaci" tests="1" failures="0" timestamp="2021-09-29T20:55:43 CEST" time="19.043" errors="0">
  <testcase name="Ratings" time="19.043" classname="p28_09_2021.Zadatak1_domaci"/>
  <system-out/>
</testsuite> <!-- p28_09_2021.Zadatak1_domaci -->
