<?xml version="1.0" encoding="UTF-8"?>
<!-- Generated by org.testng.reporters.JUnitReportReporter -->
<testsuite skipped="0" hostname="LAPTOP-6D3MSQ65" name="p30_09_2021.Zadatak2_domaci" tests="1" failures="0" timestamp="2021-10-03T14:05:08 CEST" time="13.449" errors="0">
  <testcase name="Shop" time="13.449" classname="p30_09_2021.Zadatak2_domaci"/>
  <system-out/>
</testsuite> <!-- p30_09_2021.Zadatak2_domaci -->
