<?xml version="1.0" encoding="UTF-8"?>
<!-- Generated by org.testng.reporters.JUnitReportReporter -->
<testsuite skipped="0" hostname="LAPTOP-6D3MSQ65" name="tests.FormTest" tests="1" failures="0" timestamp="2021-10-03T19:08:21 CEST" time="14.574" errors="0">
  <testcase name="FormTest" time="14.574" classname="tests.FormTest"/>
  <system-out/>
</testsuite> <!-- tests.FormTest -->
