<?xml version="1.0" encoding="UTF-8"?>
<!-- Generated by org.testng.reporters.JUnitReportReporter -->
<testsuite skipped="0" hostname="LAPTOP-6D3MSQ65" name="p28_09_2021.Zadatak12" tests="1" failures="0" timestamp="2021-09-28T21:35:29 CEST" time="32.614" errors="0">
  <testcase name="provera" time="32.614" classname="p28_09_2021.Zadatak12"/>
  <system-out/>
</testsuite> <!-- p28_09_2021.Zadatak12 -->
