<?xml version="1.0" encoding="UTF-8"?>
<!-- Generated by org.testng.reporters.JUnitReportReporter -->
<testsuite skipped="0" hostname="LAPTOP-6D3MSQ65" name="p28_09_2021.Zadatak2_domaci" tests="1" failures="0" timestamp="2021-09-29T20:58:25 CEST" time="17.933" errors="0">
  <testcase name="pageRegistration" time="17.933" classname="p28_09_2021.Zadatak2_domaci"/>
  <system-out/>
</testsuite> <!-- p28_09_2021.Zadatak2_domaci -->
